<?xml version="1.0" encoding="UTF-8"?>
<!-- Generated by org.testng.reporters.JUnitReportReporter -->
<testsuite hostname="FZTVL1S" name="com.rsg.RC_Check.ConversionTest" tests="1" failures="0" timestamp="22 Feb 2017 07:42:30 GMT" time="17.718" errors="0">
  <testcase name="checkVisibilityOfRCGraphs" time="17.718" classname="com.rsg.RC_Check.ConversionTest"/>
</testsuite> <!-- com.rsg.RC_Check.ConversionTest -->
