<?xml version="1.0" encoding="UTF-8"?>
<!-- Generated by org.testng.reporters.JUnitReportReporter -->
<testsuite hostname="FZTVL1S" name="com.rsg.RC_Check.HomePageAndReachAnalysisTest" tests="1" failures="0" timestamp="24 Feb 2017 06:15:40 GMT" time="220.705" errors="0">
  <testcase name="checkSpotOnHomePage" time="220.705" classname="com.rsg.RC_Check.HomePageAndReachAnalysisTest"/>
</testsuite> <!-- com.rsg.RC_Check.HomePageAndReachAnalysisTest -->
