<?xml version="1.0" encoding="UTF-8"?>
<!-- Generated by org.testng.reporters.JUnitReportReporter -->
<testsuite hostname="FZTVL1S" name="com.rsg.RC_Check.HomePageAndReachAnalysisTest" tests="1" failures="0" timestamp="24 Feb 2017 10:57:25 GMT" time="659.546" errors="0">
  <testcase name="checkSpotOnHomePage" time="659.546" classname="com.rsg.RC_Check.HomePageAndReachAnalysisTest"/>
</testsuite> <!-- com.rsg.RC_Check.HomePageAndReachAnalysisTest -->
