<?xml version="1.0" encoding="UTF-8"?>
<!-- Generated by org.testng.reporters.JUnitReportReporter -->
<testsuite hostname="FZTVL1S" name="com.rsg.RC_Check.reachTest" tests="1" failures="0" timestamp="21 Feb 2017 11:08:15 GMT" time="121.102" errors="0">
  <testcase name="checkSpotOnHomePage" time="121.102" classname="com.rsg.RC_Check.reachTest"/>
</testsuite> <!-- com.rsg.RC_Check.reachTest -->
